<?xml version="1.0" encoding="UTF-8"?>
<!-- Generated by org.testng.reporters.JUnitXMLReporter -->
<testsuite hostname="Sunveeer" ignored="0" name="ChromeTest" tests="1" failures="1" timestamp="24 Feb 2018 06:16:02 GMT" time="34.145" errors="0">
  <testcase name="testVaidLogIn" time="1.473" classname="scripts.crossbrowser.ValidSignIn">
    <failure type="java.lang.AssertionError" message="expected [12] but found [10]">
      <![CDATA[java.lang.AssertionError: expected [12] but found [10]
at util.CheckPoint.assertValue(CheckPoint.java:48)
at scripts.crossbrowser.ValidSignIn.testVaidLogIn(ValidSignIn.java:25)
... Removed 31 stack frames]]>
    </failure>
  </testcase> <!-- testVaidLogIn -->
</testsuite> <!-- ChromeTest -->
